
clean:

checkRequirements:

getChangelogDateVersion:

init:
    [mkdir] Created dir: D:\ASSAMBLEAS\l2brick-project\trunk\L2_Brick_Server\build
    [mkdir] Created dir: D:\ASSAMBLEAS\l2brick-project\trunk\L2_Brick_Server\build\classes

compile:
    [javac] Compiling 1587 source files to D:\ASSAMBLEAS\l2brick-project\trunk\L2_Brick_Server\build\classes

jar:
      [jar] Building jar: D:\ASSAMBLEAS\l2brick-project\trunk\L2_Brick_Server\build\dist\login\l2brick_login.jar
      [jar] Building jar: D:\ASSAMBLEAS\l2brick-project\trunk\L2_Brick_Server\build\dist\game\l2brick_server.jar
      [jar] Building jar: D:\ASSAMBLEAS\l2brick-project\trunk\L2_Brick_Server\build\dist\tools\dbinst_cs.jar
      [jar] Building jar: D:\ASSAMBLEAS\l2brick-project\trunk\L2_Brick_Server\build\dist\tools\dbinst_gs.jar
      [jar] Building jar: D:\ASSAMBLEAS\l2brick-project\trunk\L2_Brick_Server\build\dist\tools\dbinst_ls.jar

dist:
     [copy] Copying 77 files to D:\ASSAMBLEAS\l2brick-project\trunk\L2_Brick_Server\build\dist
     [copy] Copied 8 empty directories to 1 empty directory under D:\ASSAMBLEAS\l2brick-project\trunk\L2_Brick_Server\build\dist
     [copy] Copying 3 files to D:\ASSAMBLEAS\l2brick-project\trunk\L2_Brick_Server\build\dist\game
     [copy] Copying 17 files to D:\ASSAMBLEAS\l2brick-project\trunk\L2_Brick_Server\build\dist\libs
     [copy] Copying 3 files to D:\ASSAMBLEAS\l2brick-project\trunk\L2_Brick_Server\build\dist\login
      [zip] Building zip: D:\ASSAMBLEAS\l2brick-project\trunk\L2_Brick_Server\build\L2_Brick_Server.zip

BUILD SUCCESSFUL
Total time: 37 seconds
